time="2021-09-03 14:22:32.062" level=error msg="open .env: no such file or directory" func=main.LoadEnv file="/home/zzq/go/src/payment-bridge/main/payment-bridge.go:82"
time="2021-09-03 14:35:52.603" level=error msg="Error 1054: Unknown column 'event_bsc.tx_hash' in 'where clause'" func=payment-bridge/blockchain/browsersync/bsc.ScanBscEventFromChainAndSaveEventLogData file="/home/zzq/go/src/payment-bridge/blockchain/browsersync/bsc/bscEventLogService.go:73"
time="2021-09-03 14:39:48.468" level=error msg="Error 1054: Unknown column 'event_bsc.tx_hash' in 'where clause'" func=payment-bridge/blockchain/browsersync/bsc.ScanBscEventFromChainAndSaveEventLogData file="/home/zzq/go/src/payment-bridge/blockchain/browsersync/bsc/bscEventLogService.go:73"
time="2021-09-09 22:29:56.308" level=error msg="Error 1054: Unknown column 'address_from' in 'field list'" func=payment-bridge/blockchain/browsersync/nbai.ScanNbaiEventFromChainAndSaveEventLogData file="/home/zzq/go/src/payment-bridge/blockchain/browsersync/nbai/nbaiEventLogService.go:98"
time="2021-09-09 22:29:56.721" level=error msg="Error 1054: Unknown column 'address_from' in 'field list'" func=payment-bridge/blockchain/browsersync/nbai.ScanNbaiEventFromChainAndSaveEventLogData file="/home/zzq/go/src/payment-bridge/blockchain/browsersync/nbai/nbaiEventLogService.go:98"
time="2021-09-09 22:30:10.002" level=error msg="Error 1054: Unknown column 'address_from' in 'field list'" func=payment-bridge/blockchain/browsersync/nbai.ScanNbaiEventFromChainAndSaveEventLogData file="/home/zzq/go/src/payment-bridge/blockchain/browsersync/nbai/nbaiEventLogService.go:98"
time="2021-09-09 22:30:10.047" level=error msg="Error 1054: Unknown column 'address_from' in 'field list'" func=payment-bridge/blockchain/browsersync/nbai.ScanNbaiEventFromChainAndSaveEventLogData file="/home/zzq/go/src/payment-bridge/blockchain/browsersync/nbai/nbaiEventLogService.go:98"
time="2021-09-09 22:30:58.419" level=error msg="invalid chain id for signer" func=payment-bridge/blockchain/browsersync/polygon.getFromAndToAddressByTxHash file="/home/zzq/go/src/payment-bridge/blockchain/browsersync/polygon/polygonEventLogService.go:135"
time="2021-09-09 22:34:37.993" level=error msg="Error 1054: Unknown column 'create_at' in 'field list'" func=payment-bridge/blockchain/browsersync/polygon.ScanPolygonEventFromChainAndSaveEventLogData file="/home/zzq/go/src/payment-bridge/blockchain/browsersync/polygon/polygonEventLogService.go:117"
time="2021-09-10 10:44:34.806" level=error msg="invalid chain id for signer" func=payment-bridge/common/utils.GetFromAndToAddressByTxHash file="/home/zzq/go/src/payment-bridge/common/utils/utils.go:73"
time="2021-09-10 10:44:34.807" level=error msg="invalid chain id for signer" func=payment-bridge/blockchain/browsersync/nbai.ScanNbaiEventFromChainAndSaveEventLogData file="/home/zzq/go/src/payment-bridge/blockchain/browsersync/nbai/nbaiEventLogService.go:86"
time="2021-09-10 10:44:34.808" level=error msg="Error 1054: Unknown column 'address' in 'field list'" func=payment-bridge/blockchain/browsersync/nbai.ScanNbaiEventFromChainAndSaveEventLogData file="/home/zzq/go/src/payment-bridge/blockchain/browsersync/nbai/nbaiEventLogService.go:100"
time="2021-09-10 10:44:34.838" level=error msg="invalid chain id for signer" func=payment-bridge/common/utils.GetFromAndToAddressByTxHash file="/home/zzq/go/src/payment-bridge/common/utils/utils.go:73"
time="2021-09-10 10:44:34.839" level=error msg="invalid chain id for signer" func=payment-bridge/blockchain/browsersync/nbai.ScanNbaiEventFromChainAndSaveEventLogData file="/home/zzq/go/src/payment-bridge/blockchain/browsersync/nbai/nbaiEventLogService.go:86"
time="2021-09-10 10:44:34.839" level=error msg="Error 1054: Unknown column 'address' in 'field list'" func=payment-bridge/blockchain/browsersync/nbai.ScanNbaiEventFromChainAndSaveEventLogData file="/home/zzq/go/src/payment-bridge/blockchain/browsersync/nbai/nbaiEventLogService.go:100"
time="2021-09-10 10:44:35.199" level=error msg="invalid chain id for signer" func=payment-bridge/common/utils.GetFromAndToAddressByTxHash file="/home/zzq/go/src/payment-bridge/common/utils/utils.go:73"
time="2021-09-10 10:44:35.199" level=error msg="invalid chain id for signer" func=payment-bridge/blockchain/browsersync/nbai.ScanNbaiEventFromChainAndSaveEventLogData file="/home/zzq/go/src/payment-bridge/blockchain/browsersync/nbai/nbaiEventLogService.go:86"
time="2021-09-10 10:44:35.200" level=error msg="Error 1054: Unknown column 'address' in 'field list'" func=payment-bridge/blockchain/browsersync/nbai.ScanNbaiEventFromChainAndSaveEventLogData file="/home/zzq/go/src/payment-bridge/blockchain/browsersync/nbai/nbaiEventLogService.go:100"
time="2021-09-10 10:44:35.268" level=error msg="invalid chain id for signer" func=payment-bridge/common/utils.GetFromAndToAddressByTxHash file="/home/zzq/go/src/payment-bridge/common/utils/utils.go:73"
time="2021-09-10 10:44:35.268" level=error msg="invalid chain id for signer" func=payment-bridge/blockchain/browsersync/nbai.ScanNbaiEventFromChainAndSaveEventLogData file="/home/zzq/go/src/payment-bridge/blockchain/browsersync/nbai/nbaiEventLogService.go:86"
time="2021-09-10 10:44:35.269" level=error msg="Error 1054: Unknown column 'address' in 'field list'" func=payment-bridge/blockchain/browsersync/nbai.ScanNbaiEventFromChainAndSaveEventLogData file="/home/zzq/go/src/payment-bridge/blockchain/browsersync/nbai/nbaiEventLogService.go:100"
time="2021-09-10 10:44:35.297" level=error msg="invalid chain id for signer" func=payment-bridge/common/utils.GetFromAndToAddressByTxHash file="/home/zzq/go/src/payment-bridge/common/utils/utils.go:73"
time="2021-09-10 10:44:35.297" level=error msg="invalid chain id for signer" func=payment-bridge/blockchain/browsersync/nbai.ScanNbaiEventFromChainAndSaveEventLogData file="/home/zzq/go/src/payment-bridge/blockchain/browsersync/nbai/nbaiEventLogService.go:86"
time="2021-09-10 10:44:35.298" level=error msg="Error 1054: Unknown column 'address' in 'field list'" func=payment-bridge/blockchain/browsersync/nbai.ScanNbaiEventFromChainAndSaveEventLogData file="/home/zzq/go/src/payment-bridge/blockchain/browsersync/nbai/nbaiEventLogService.go:100"
time="2021-09-10 10:44:35.325" level=error msg="invalid chain id for signer" func=payment-bridge/common/utils.GetFromAndToAddressByTxHash file="/home/zzq/go/src/payment-bridge/common/utils/utils.go:73"
time="2021-09-10 10:44:35.325" level=error msg="invalid chain id for signer" func=payment-bridge/blockchain/browsersync/nbai.ScanNbaiEventFromChainAndSaveEventLogData file="/home/zzq/go/src/payment-bridge/blockchain/browsersync/nbai/nbaiEventLogService.go:86"
time="2021-09-10 10:44:35.326" level=error msg="Error 1054: Unknown column 'address' in 'field list'" func=payment-bridge/blockchain/browsersync/nbai.ScanNbaiEventFromChainAndSaveEventLogData file="/home/zzq/go/src/payment-bridge/blockchain/browsersync/nbai/nbaiEventLogService.go:100"
time="2021-09-10 10:44:35.356" level=error msg="invalid chain id for signer" func=payment-bridge/common/utils.GetFromAndToAddressByTxHash file="/home/zzq/go/src/payment-bridge/common/utils/utils.go:73"
time="2021-09-10 10:44:35.356" level=error msg="invalid chain id for signer" func=payment-bridge/blockchain/browsersync/nbai.ScanNbaiEventFromChainAndSaveEventLogData file="/home/zzq/go/src/payment-bridge/blockchain/browsersync/nbai/nbaiEventLogService.go:86"
time="2021-09-10 10:44:35.357" level=error msg="Error 1054: Unknown column 'address' in 'field list'" func=payment-bridge/blockchain/browsersync/nbai.ScanNbaiEventFromChainAndSaveEventLogData file="/home/zzq/go/src/payment-bridge/blockchain/browsersync/nbai/nbaiEventLogService.go:100"
time="2021-09-10 10:44:35.388" level=error msg="invalid chain id for signer" func=payment-bridge/common/utils.GetFromAndToAddressByTxHash file="/home/zzq/go/src/payment-bridge/common/utils/utils.go:73"
time="2021-09-10 10:44:35.388" level=error msg="invalid chain id for signer" func=payment-bridge/blockchain/browsersync/nbai.ScanNbaiEventFromChainAndSaveEventLogData file="/home/zzq/go/src/payment-bridge/blockchain/browsersync/nbai/nbaiEventLogService.go:86"
time="2021-09-10 10:44:35.388" level=error msg="Error 1054: Unknown column 'address' in 'field list'" func=payment-bridge/blockchain/browsersync/nbai.ScanNbaiEventFromChainAndSaveEventLogData file="/home/zzq/go/src/payment-bridge/blockchain/browsersync/nbai/nbaiEventLogService.go:100"
time="2021-09-10 10:44:35.416" level=error msg="invalid chain id for signer" func=payment-bridge/common/utils.GetFromAndToAddressByTxHash file="/home/zzq/go/src/payment-bridge/common/utils/utils.go:73"
time="2021-09-10 10:44:35.416" level=error msg="invalid chain id for signer" func=payment-bridge/blockchain/browsersync/nbai.ScanNbaiEventFromChainAndSaveEventLogData file="/home/zzq/go/src/payment-bridge/blockchain/browsersync/nbai/nbaiEventLogService.go:86"
time="2021-09-10 10:44:35.416" level=error msg="Error 1054: Unknown column 'address' in 'field list'" func=payment-bridge/blockchain/browsersync/nbai.ScanNbaiEventFromChainAndSaveEventLogData file="/home/zzq/go/src/payment-bridge/blockchain/browsersync/nbai/nbaiEventLogService.go:100"
time="2021-09-10 10:44:35.452" level=error msg="invalid chain id for signer" func=payment-bridge/common/utils.GetFromAndToAddressByTxHash file="/home/zzq/go/src/payment-bridge/common/utils/utils.go:73"
time="2021-09-10 10:44:35.452" level=error msg="invalid chain id for signer" func=payment-bridge/blockchain/browsersync/nbai.ScanNbaiEventFromChainAndSaveEventLogData file="/home/zzq/go/src/payment-bridge/blockchain/browsersync/nbai/nbaiEventLogService.go:86"
time="2021-09-10 10:44:35.453" level=error msg="Error 1054: Unknown column 'address' in 'field list'" func=payment-bridge/blockchain/browsersync/nbai.ScanNbaiEventFromChainAndSaveEventLogData file="/home/zzq/go/src/payment-bridge/blockchain/browsersync/nbai/nbaiEventLogService.go:100"
time="2021-09-10 10:44:35.485" level=error msg="invalid chain id for signer" func=payment-bridge/common/utils.GetFromAndToAddressByTxHash file="/home/zzq/go/src/payment-bridge/common/utils/utils.go:73"
time="2021-09-10 10:44:35.485" level=error msg="invalid chain id for signer" func=payment-bridge/blockchain/browsersync/nbai.ScanNbaiEventFromChainAndSaveEventLogData file="/home/zzq/go/src/payment-bridge/blockchain/browsersync/nbai/nbaiEventLogService.go:86"
time="2021-09-10 10:44:35.485" level=error msg="Error 1054: Unknown column 'address' in 'field list'" func=payment-bridge/blockchain/browsersync/nbai.ScanNbaiEventFromChainAndSaveEventLogData file="/home/zzq/go/src/payment-bridge/blockchain/browsersync/nbai/nbaiEventLogService.go:100"
time="2021-09-10 10:44:35.629" level=error msg="invalid chain id for signer" func=payment-bridge/common/utils.GetFromAndToAddressByTxHash file="/home/zzq/go/src/payment-bridge/common/utils/utils.go:73"
time="2021-09-10 10:44:35.629" level=error msg="invalid chain id for signer" func=payment-bridge/blockchain/browsersync/nbai.ScanNbaiEventFromChainAndSaveEventLogData file="/home/zzq/go/src/payment-bridge/blockchain/browsersync/nbai/nbaiEventLogService.go:86"
time="2021-09-10 10:44:35.629" level=error msg="Error 1054: Unknown column 'address' in 'field list'" func=payment-bridge/blockchain/browsersync/nbai.ScanNbaiEventFromChainAndSaveEventLogData file="/home/zzq/go/src/payment-bridge/blockchain/browsersync/nbai/nbaiEventLogService.go:100"
time="2021-09-10 10:44:35.658" level=error msg="invalid chain id for signer" func=payment-bridge/common/utils.GetFromAndToAddressByTxHash file="/home/zzq/go/src/payment-bridge/common/utils/utils.go:73"
time="2021-09-10 10:44:35.658" level=error msg="invalid chain id for signer" func=payment-bridge/blockchain/browsersync/nbai.ScanNbaiEventFromChainAndSaveEventLogData file="/home/zzq/go/src/payment-bridge/blockchain/browsersync/nbai/nbaiEventLogService.go:86"
time="2021-09-10 10:44:35.659" level=error msg="Error 1054: Unknown column 'address' in 'field list'" func=payment-bridge/blockchain/browsersync/nbai.ScanNbaiEventFromChainAndSaveEventLogData file="/home/zzq/go/src/payment-bridge/blockchain/browsersync/nbai/nbaiEventLogService.go:100"
time="2021-09-10 10:44:35.689" level=error msg="invalid chain id for signer" func=payment-bridge/common/utils.GetFromAndToAddressByTxHash file="/home/zzq/go/src/payment-bridge/common/utils/utils.go:73"
time="2021-09-10 10:44:35.689" level=error msg="invalid chain id for signer" func=payment-bridge/blockchain/browsersync/nbai.ScanNbaiEventFromChainAndSaveEventLogData file="/home/zzq/go/src/payment-bridge/blockchain/browsersync/nbai/nbaiEventLogService.go:86"
time="2021-09-10 10:44:35.690" level=error msg="Error 1054: Unknown column 'address' in 'field list'" func=payment-bridge/blockchain/browsersync/nbai.ScanNbaiEventFromChainAndSaveEventLogData file="/home/zzq/go/src/payment-bridge/blockchain/browsersync/nbai/nbaiEventLogService.go:100"
time="2021-09-10 10:44:35.719" level=error msg="invalid chain id for signer" func=payment-bridge/common/utils.GetFromAndToAddressByTxHash file="/home/zzq/go/src/payment-bridge/common/utils/utils.go:73"
time="2021-09-10 10:44:35.719" level=error msg="invalid chain id for signer" func=payment-bridge/blockchain/browsersync/nbai.ScanNbaiEventFromChainAndSaveEventLogData file="/home/zzq/go/src/payment-bridge/blockchain/browsersync/nbai/nbaiEventLogService.go:86"
time="2021-09-10 10:44:35.721" level=error msg="Error 1054: Unknown column 'address' in 'field list'" func=payment-bridge/blockchain/browsersync/nbai.ScanNbaiEventFromChainAndSaveEventLogData file="/home/zzq/go/src/payment-bridge/blockchain/browsersync/nbai/nbaiEventLogService.go:100"
time="2021-09-10 10:44:35.751" level=error msg="invalid chain id for signer" func=payment-bridge/common/utils.GetFromAndToAddressByTxHash file="/home/zzq/go/src/payment-bridge/common/utils/utils.go:73"
time="2021-09-10 10:44:35.751" level=error msg="invalid chain id for signer" func=payment-bridge/blockchain/browsersync/nbai.ScanNbaiEventFromChainAndSaveEventLogData file="/home/zzq/go/src/payment-bridge/blockchain/browsersync/nbai/nbaiEventLogService.go:86"
time="2021-09-10 10:44:35.752" level=error msg="Error 1054: Unknown column 'address' in 'field list'" func=payment-bridge/blockchain/browsersync/nbai.ScanNbaiEventFromChainAndSaveEventLogData file="/home/zzq/go/src/payment-bridge/blockchain/browsersync/nbai/nbaiEventLogService.go:100"
time="2021-09-10 10:44:35.784" level=error msg="invalid chain id for signer" func=payment-bridge/common/utils.GetFromAndToAddressByTxHash file="/home/zzq/go/src/payment-bridge/common/utils/utils.go:73"
time="2021-09-10 10:44:35.784" level=error msg="invalid chain id for signer" func=payment-bridge/blockchain/browsersync/nbai.ScanNbaiEventFromChainAndSaveEventLogData file="/home/zzq/go/src/payment-bridge/blockchain/browsersync/nbai/nbaiEventLogService.go:86"
time="2021-09-10 10:44:35.785" level=error msg="Error 1054: Unknown column 'address' in 'field list'" func=payment-bridge/blockchain/browsersync/nbai.ScanNbaiEventFromChainAndSaveEventLogData file="/home/zzq/go/src/payment-bridge/blockchain/browsersync/nbai/nbaiEventLogService.go:100"
time="2021-09-10 10:44:35.928" level=error msg="invalid chain id for signer" func=payment-bridge/common/utils.GetFromAndToAddressByTxHash file="/home/zzq/go/src/payment-bridge/common/utils/utils.go:73"
time="2021-09-10 10:44:35.928" level=error msg="invalid chain id for signer" func=payment-bridge/blockchain/browsersync/nbai.ScanNbaiEventFromChainAndSaveEventLogData file="/home/zzq/go/src/payment-bridge/blockchain/browsersync/nbai/nbaiEventLogService.go:86"
time="2021-09-10 10:44:35.929" level=error msg="Error 1054: Unknown column 'address' in 'field list'" func=payment-bridge/blockchain/browsersync/nbai.ScanNbaiEventFromChainAndSaveEventLogData file="/home/zzq/go/src/payment-bridge/blockchain/browsersync/nbai/nbaiEventLogService.go:100"
time="2021-09-10 10:44:35.961" level=error msg="invalid chain id for signer" func=payment-bridge/common/utils.GetFromAndToAddressByTxHash file="/home/zzq/go/src/payment-bridge/common/utils/utils.go:73"
time="2021-09-10 10:44:35.962" level=error msg="invalid chain id for signer" func=payment-bridge/blockchain/browsersync/nbai.ScanNbaiEventFromChainAndSaveEventLogData file="/home/zzq/go/src/payment-bridge/blockchain/browsersync/nbai/nbaiEventLogService.go:86"
time="2021-09-10 10:44:35.963" level=error msg="Error 1054: Unknown column 'address' in 'field list'" func=payment-bridge/blockchain/browsersync/nbai.ScanNbaiEventFromChainAndSaveEventLogData file="/home/zzq/go/src/payment-bridge/blockchain/browsersync/nbai/nbaiEventLogService.go:100"
time="2021-09-10 10:44:35.994" level=error msg="invalid chain id for signer" func=payment-bridge/common/utils.GetFromAndToAddressByTxHash file="/home/zzq/go/src/payment-bridge/common/utils/utils.go:73"
time="2021-09-10 10:44:35.994" level=error msg="invalid chain id for signer" func=payment-bridge/blockchain/browsersync/nbai.ScanNbaiEventFromChainAndSaveEventLogData file="/home/zzq/go/src/payment-bridge/blockchain/browsersync/nbai/nbaiEventLogService.go:86"
time="2021-09-10 10:44:35.994" level=error msg="Error 1054: Unknown column 'address' in 'field list'" func=payment-bridge/blockchain/browsersync/nbai.ScanNbaiEventFromChainAndSaveEventLogData file="/home/zzq/go/src/payment-bridge/blockchain/browsersync/nbai/nbaiEventLogService.go:100"
time="2021-09-10 10:44:36.022" level=error msg="invalid chain id for signer" func=payment-bridge/common/utils.GetFromAndToAddressByTxHash file="/home/zzq/go/src/payment-bridge/common/utils/utils.go:73"
time="2021-09-10 10:44:36.022" level=error msg="invalid chain id for signer" func=payment-bridge/blockchain/browsersync/nbai.ScanNbaiEventFromChainAndSaveEventLogData file="/home/zzq/go/src/payment-bridge/blockchain/browsersync/nbai/nbaiEventLogService.go:86"
time="2021-09-10 10:44:36.022" level=error msg="Error 1054: Unknown column 'address' in 'field list'" func=payment-bridge/blockchain/browsersync/nbai.ScanNbaiEventFromChainAndSaveEventLogData file="/home/zzq/go/src/payment-bridge/blockchain/browsersync/nbai/nbaiEventLogService.go:100"
time="2021-09-10 10:44:36.055" level=error msg="invalid chain id for signer" func=payment-bridge/common/utils.GetFromAndToAddressByTxHash file="/home/zzq/go/src/payment-bridge/common/utils/utils.go:73"
time="2021-09-10 10:44:36.055" level=error msg="invalid chain id for signer" func=payment-bridge/blockchain/browsersync/nbai.ScanNbaiEventFromChainAndSaveEventLogData file="/home/zzq/go/src/payment-bridge/blockchain/browsersync/nbai/nbaiEventLogService.go:86"
time="2021-09-10 10:44:36.056" level=error msg="Error 1054: Unknown column 'address' in 'field list'" func=payment-bridge/blockchain/browsersync/nbai.ScanNbaiEventFromChainAndSaveEventLogData file="/home/zzq/go/src/payment-bridge/blockchain/browsersync/nbai/nbaiEventLogService.go:100"
time="2021-09-10 10:44:36.087" level=error msg="invalid chain id for signer" func=payment-bridge/common/utils.GetFromAndToAddressByTxHash file="/home/zzq/go/src/payment-bridge/common/utils/utils.go:73"
time="2021-09-10 10:44:36.087" level=error msg="invalid chain id for signer" func=payment-bridge/blockchain/browsersync/nbai.ScanNbaiEventFromChainAndSaveEventLogData file="/home/zzq/go/src/payment-bridge/blockchain/browsersync/nbai/nbaiEventLogService.go:86"
time="2021-09-10 10:44:36.088" level=error msg="Error 1054: Unknown column 'address' in 'field list'" func=payment-bridge/blockchain/browsersync/nbai.ScanNbaiEventFromChainAndSaveEventLogData file="/home/zzq/go/src/payment-bridge/blockchain/browsersync/nbai/nbaiEventLogService.go:100"
time="2021-09-10 10:44:36.118" level=error msg="invalid chain id for signer" func=payment-bridge/common/utils.GetFromAndToAddressByTxHash file="/home/zzq/go/src/payment-bridge/common/utils/utils.go:73"
time="2021-09-10 10:44:36.119" level=error msg="invalid chain id for signer" func=payment-bridge/blockchain/browsersync/bsc.ScanBscEventFromChainAndSaveEventLogData file="/home/zzq/go/src/payment-bridge/blockchain/browsersync/bsc/bscEventLogService.go:83"
time="2021-09-10 10:44:36.146" level=error msg="invalid chain id for signer" func=payment-bridge/common/utils.GetFromAndToAddressByTxHash file="/home/zzq/go/src/payment-bridge/common/utils/utils.go:73"
time="2021-09-10 10:44:36.146" level=error msg="invalid chain id for signer" func=payment-bridge/blockchain/browsersync/goerli.ScanGoerliEventFromChainAndSaveEventLogData file="/home/zzq/go/src/payment-bridge/blockchain/browsersync/goerli/goerliEventLogService.go:90"
time="2021-09-10 10:44:36.156" level=error msg="invalid chain id for signer" func=payment-bridge/common/utils.GetFromAndToAddressByTxHash file="/home/zzq/go/src/payment-bridge/common/utils/utils.go:73"
time="2021-09-10 10:44:36.156" level=error msg="invalid chain id for signer" func=payment-bridge/blockchain/browsersync/nbai.ScanNbaiEventFromChainAndSaveEventLogData file="/home/zzq/go/src/payment-bridge/blockchain/browsersync/nbai/nbaiEventLogService.go:86"
time="2021-09-10 10:44:36.157" level=error msg="Error 1054: Unknown column 'address' in 'field list'" func=payment-bridge/blockchain/browsersync/nbai.ScanNbaiEventFromChainAndSaveEventLogData file="/home/zzq/go/src/payment-bridge/blockchain/browsersync/nbai/nbaiEventLogService.go:100"
time="2021-09-10 10:44:36.193" level=error msg="invalid chain id for signer" func=payment-bridge/common/utils.GetFromAndToAddressByTxHash file="/home/zzq/go/src/payment-bridge/common/utils/utils.go:73"
time="2021-09-10 10:44:36.193" level=error msg="invalid chain id for signer" func=payment-bridge/blockchain/browsersync/nbai.ScanNbaiEventFromChainAndSaveEventLogData file="/home/zzq/go/src/payment-bridge/blockchain/browsersync/nbai/nbaiEventLogService.go:86"
time="2021-09-10 10:44:36.194" level=error msg="Error 1054: Unknown column 'address' in 'field list'" func=payment-bridge/blockchain/browsersync/nbai.ScanNbaiEventFromChainAndSaveEventLogData file="/home/zzq/go/src/payment-bridge/blockchain/browsersync/nbai/nbaiEventLogService.go:100"
time="2021-09-10 10:44:36.199" level=error msg="invalid chain id for signer" func=payment-bridge/common/utils.GetFromAndToAddressByTxHash file="/home/zzq/go/src/payment-bridge/common/utils/utils.go:73"
time="2021-09-10 10:44:36.199" level=error msg="invalid chain id for signer" func=payment-bridge/blockchain/browsersync/goerli.ScanGoerliEventFromChainAndSaveEventLogData file="/home/zzq/go/src/payment-bridge/blockchain/browsersync/goerli/goerliEventLogService.go:90"
time="2021-09-10 10:44:36.223" level=error msg="invalid chain id for signer" func=payment-bridge/common/utils.GetFromAndToAddressByTxHash file="/home/zzq/go/src/payment-bridge/common/utils/utils.go:73"
time="2021-09-10 10:44:36.224" level=error msg="invalid chain id for signer" func=payment-bridge/blockchain/browsersync/nbai.ScanNbaiEventFromChainAndSaveEventLogData file="/home/zzq/go/src/payment-bridge/blockchain/browsersync/nbai/nbaiEventLogService.go:86"
time="2021-09-10 10:44:36.225" level=error msg="Error 1054: Unknown column 'address' in 'field list'" func=payment-bridge/blockchain/browsersync/nbai.ScanNbaiEventFromChainAndSaveEventLogData file="/home/zzq/go/src/payment-bridge/blockchain/browsersync/nbai/nbaiEventLogService.go:100"
time="2021-09-10 10:44:36.255" level=error msg="invalid chain id for signer" func=payment-bridge/common/utils.GetFromAndToAddressByTxHash file="/home/zzq/go/src/payment-bridge/common/utils/utils.go:73"
time="2021-09-10 10:44:36.255" level=error msg="invalid chain id for signer" func=payment-bridge/blockchain/browsersync/nbai.ScanNbaiEventFromChainAndSaveEventLogData file="/home/zzq/go/src/payment-bridge/blockchain/browsersync/nbai/nbaiEventLogService.go:86"
time="2021-09-10 10:44:36.255" level=error msg="Error 1054: Unknown column 'address' in 'field list'" func=payment-bridge/blockchain/browsersync/nbai.ScanNbaiEventFromChainAndSaveEventLogData file="/home/zzq/go/src/payment-bridge/blockchain/browsersync/nbai/nbaiEventLogService.go:100"
time="2021-09-10 10:44:36.293" level=error msg="invalid chain id for signer" func=payment-bridge/common/utils.GetFromAndToAddressByTxHash file="/home/zzq/go/src/payment-bridge/common/utils/utils.go:73"
time="2021-09-10 10:44:36.293" level=error msg="invalid chain id for signer" func=payment-bridge/blockchain/browsersync/nbai.ScanNbaiEventFromChainAndSaveEventLogData file="/home/zzq/go/src/payment-bridge/blockchain/browsersync/nbai/nbaiEventLogService.go:86"
time="2021-09-10 10:44:36.294" level=error msg="Error 1054: Unknown column 'address' in 'field list'" func=payment-bridge/blockchain/browsersync/nbai.ScanNbaiEventFromChainAndSaveEventLogData file="/home/zzq/go/src/payment-bridge/blockchain/browsersync/nbai/nbaiEventLogService.go:100"
time="2021-09-10 10:44:36.330" level=error msg="invalid chain id for signer" func=payment-bridge/common/utils.GetFromAndToAddressByTxHash file="/home/zzq/go/src/payment-bridge/common/utils/utils.go:73"
time="2021-09-10 10:44:36.331" level=error msg="invalid chain id for signer" func=payment-bridge/blockchain/browsersync/nbai.ScanNbaiEventFromChainAndSaveEventLogData file="/home/zzq/go/src/payment-bridge/blockchain/browsersync/nbai/nbaiEventLogService.go:86"
time="2021-09-10 10:44:36.332" level=error msg="Error 1054: Unknown column 'address' in 'field list'" func=payment-bridge/blockchain/browsersync/nbai.ScanNbaiEventFromChainAndSaveEventLogData file="/home/zzq/go/src/payment-bridge/blockchain/browsersync/nbai/nbaiEventLogService.go:100"
time="2021-09-10 10:44:36.363" level=error msg="invalid chain id for signer" func=payment-bridge/common/utils.GetFromAndToAddressByTxHash file="/home/zzq/go/src/payment-bridge/common/utils/utils.go:73"
time="2021-09-10 10:44:36.364" level=error msg="invalid chain id for signer" func=payment-bridge/blockchain/browsersync/nbai.ScanNbaiEventFromChainAndSaveEventLogData file="/home/zzq/go/src/payment-bridge/blockchain/browsersync/nbai/nbaiEventLogService.go:86"
time="2021-09-10 10:44:36.364" level=error msg="Error 1054: Unknown column 'address' in 'field list'" func=payment-bridge/blockchain/browsersync/nbai.ScanNbaiEventFromChainAndSaveEventLogData file="/home/zzq/go/src/payment-bridge/blockchain/browsersync/nbai/nbaiEventLogService.go:100"
time="2021-09-10 10:44:36.620" level=error msg="invalid chain id for signer" func=payment-bridge/common/utils.GetFromAndToAddressByTxHash file="/home/zzq/go/src/payment-bridge/common/utils/utils.go:73"
time="2021-09-10 10:44:36.620" level=error msg="invalid chain id for signer" func=payment-bridge/blockchain/browsersync/nbai.ScanNbaiEventFromChainAndSaveEventLogData file="/home/zzq/go/src/payment-bridge/blockchain/browsersync/nbai/nbaiEventLogService.go:86"
time="2021-09-10 10:44:36.621" level=error msg="Error 1054: Unknown column 'address' in 'field list'" func=payment-bridge/blockchain/browsersync/nbai.ScanNbaiEventFromChainAndSaveEventLogData file="/home/zzq/go/src/payment-bridge/blockchain/browsersync/nbai/nbaiEventLogService.go:100"
time="2021-09-10 10:44:36.652" level=error msg="invalid chain id for signer" func=payment-bridge/common/utils.GetFromAndToAddressByTxHash file="/home/zzq/go/src/payment-bridge/common/utils/utils.go:73"
time="2021-09-10 10:44:36.652" level=error msg="invalid chain id for signer" func=payment-bridge/blockchain/browsersync/bsc.ScanBscEventFromChainAndSaveEventLogData file="/home/zzq/go/src/payment-bridge/blockchain/browsersync/bsc/bscEventLogService.go:83"
time="2021-09-10 10:44:37.048" level=error msg="invalid chain id for signer" func=payment-bridge/common/utils.GetFromAndToAddressByTxHash file="/home/zzq/go/src/payment-bridge/common/utils/utils.go:73"
time="2021-09-10 10:44:37.048" level=error msg="invalid chain id for signer" func=payment-bridge/blockchain/browsersync/nbai.ScanNbaiEventFromChainAndSaveEventLogData file="/home/zzq/go/src/payment-bridge/blockchain/browsersync/nbai/nbaiEventLogService.go:86"
time="2021-09-10 10:44:37.049" level=error msg="Error 1054: Unknown column 'address' in 'field list'" func=payment-bridge/blockchain/browsersync/nbai.ScanNbaiEventFromChainAndSaveEventLogData file="/home/zzq/go/src/payment-bridge/blockchain/browsersync/nbai/nbaiEventLogService.go:100"
time="2021-09-10 10:44:37.183" level=error msg="invalid chain id for signer" func=payment-bridge/common/utils.GetFromAndToAddressByTxHash file="/home/zzq/go/src/payment-bridge/common/utils/utils.go:73"
time="2021-09-10 10:44:37.183" level=error msg="invalid chain id for signer" func=payment-bridge/blockchain/browsersync/nbai.ScanNbaiEventFromChainAndSaveEventLogData file="/home/zzq/go/src/payment-bridge/blockchain/browsersync/nbai/nbaiEventLogService.go:86"
time="2021-09-10 10:44:37.184" level=error msg="Error 1054: Unknown column 'address' in 'field list'" func=payment-bridge/blockchain/browsersync/nbai.ScanNbaiEventFromChainAndSaveEventLogData file="/home/zzq/go/src/payment-bridge/blockchain/browsersync/nbai/nbaiEventLogService.go:100"
time="2021-09-10 10:44:37.250" level=error msg="invalid chain id for signer" func=payment-bridge/common/utils.GetFromAndToAddressByTxHash file="/home/zzq/go/src/payment-bridge/common/utils/utils.go:73"
time="2021-09-10 10:44:37.251" level=error msg="invalid chain id for signer" func=payment-bridge/blockchain/browsersync/nbai.ScanNbaiEventFromChainAndSaveEventLogData file="/home/zzq/go/src/payment-bridge/blockchain/browsersync/nbai/nbaiEventLogService.go:86"
time="2021-09-10 10:44:37.251" level=error msg="Error 1054: Unknown column 'address' in 'field list'" func=payment-bridge/blockchain/browsersync/nbai.ScanNbaiEventFromChainAndSaveEventLogData file="/home/zzq/go/src/payment-bridge/blockchain/browsersync/nbai/nbaiEventLogService.go:100"
time="2021-09-10 11:00:36.874" level=error msg="invalid chain id for signer" func=payment-bridge/common/utils.GetFromAndToAddressByTxHash file="/home/zzq/go/src/payment-bridge/common/utils/utils.go:73"
time="2021-09-10 11:16:01.854" level=error msg="429 Too Many Requests: {\"jsonrpc\": \"2.0\", \"id\": 881, \"error\": {\"code\": 429, \"message\": \"Your app has exceeded its compute units per second capacity. If you have retries enabled, you can safely ignore this message. If not, check out https://docs.alchemy.com/alchemy/guides/rate-limits. Reach out to us if you'd like to increase your limits: https://dashboard.alchemyapi.io/support \"}}" func=payment-bridge/blockchain/browsersync/polygon.ScanPolygonEventFromChainAndSaveEventLogData file="/home/zzq/go/src/payment-bridge/blockchain/browsersync/polygon/polygonEventLogService.go:58"
time="2021-09-10 12:13:27.742" level=error msg="invalid chain id for signer" func=payment-bridge/common/utils.GetFromAndToAddressByTxHash file="/home/zzq/go/src/payment-bridge/common/utils/utils.go:72"
time="2021-09-10 12:13:27.742" level=error msg="invalid chain id for signer" func=payment-bridge/blockchain/browsersync/nbai.ScanNbaiEventFromChainAndSaveEventLogData file="/home/zzq/go/src/payment-bridge/blockchain/browsersync/nbai/nbaiEventLogService.go:86"
time="2021-09-10 12:13:27.744" level=error msg="Error 1054: Unknown column 'address' in 'field list'" func=payment-bridge/blockchain/browsersync/nbai.ScanNbaiEventFromChainAndSaveEventLogData file="/home/zzq/go/src/payment-bridge/blockchain/browsersync/nbai/nbaiEventLogService.go:100"
time="2021-09-10 12:13:27.773" level=error msg="invalid chain id for signer" func=payment-bridge/common/utils.GetFromAndToAddressByTxHash file="/home/zzq/go/src/payment-bridge/common/utils/utils.go:72"
time="2021-09-10 12:13:27.773" level=error msg="invalid chain id for signer" func=payment-bridge/blockchain/browsersync/nbai.ScanNbaiEventFromChainAndSaveEventLogData file="/home/zzq/go/src/payment-bridge/blockchain/browsersync/nbai/nbaiEventLogService.go:86"
time="2021-09-10 12:13:27.774" level=error msg="Error 1054: Unknown column 'address' in 'field list'" func=payment-bridge/blockchain/browsersync/nbai.ScanNbaiEventFromChainAndSaveEventLogData file="/home/zzq/go/src/payment-bridge/blockchain/browsersync/nbai/nbaiEventLogService.go:100"
time="2021-09-10 12:13:28.085" level=error msg="invalid chain id for signer" func=payment-bridge/common/utils.GetFromAndToAddressByTxHash file="/home/zzq/go/src/payment-bridge/common/utils/utils.go:72"
time="2021-09-10 12:13:28.085" level=error msg="invalid chain id for signer" func=payment-bridge/blockchain/browsersync/nbai.ScanNbaiEventFromChainAndSaveEventLogData file="/home/zzq/go/src/payment-bridge/blockchain/browsersync/nbai/nbaiEventLogService.go:86"
time="2021-09-10 12:13:28.086" level=error msg="Error 1054: Unknown column 'address' in 'field list'" func=payment-bridge/blockchain/browsersync/nbai.ScanNbaiEventFromChainAndSaveEventLogData file="/home/zzq/go/src/payment-bridge/blockchain/browsersync/nbai/nbaiEventLogService.go:100"
time="2021-09-10 12:13:28.157" level=error msg="invalid chain id for signer" func=payment-bridge/common/utils.GetFromAndToAddressByTxHash file="/home/zzq/go/src/payment-bridge/common/utils/utils.go:72"
time="2021-09-10 12:13:28.157" level=error msg="invalid chain id for signer" func=payment-bridge/blockchain/browsersync/nbai.ScanNbaiEventFromChainAndSaveEventLogData file="/home/zzq/go/src/payment-bridge/blockchain/browsersync/nbai/nbaiEventLogService.go:86"
time="2021-09-10 12:13:28.158" level=error msg="Error 1054: Unknown column 'address' in 'field list'" func=payment-bridge/blockchain/browsersync/nbai.ScanNbaiEventFromChainAndSaveEventLogData file="/home/zzq/go/src/payment-bridge/blockchain/browsersync/nbai/nbaiEventLogService.go:100"
time="2021-09-10 12:13:28.187" level=error msg="invalid chain id for signer" func=payment-bridge/common/utils.GetFromAndToAddressByTxHash file="/home/zzq/go/src/payment-bridge/common/utils/utils.go:72"
time="2021-09-10 12:13:28.187" level=error msg="invalid chain id for signer" func=payment-bridge/blockchain/browsersync/nbai.ScanNbaiEventFromChainAndSaveEventLogData file="/home/zzq/go/src/payment-bridge/blockchain/browsersync/nbai/nbaiEventLogService.go:86"
time="2021-09-10 12:13:28.190" level=error msg="Error 1054: Unknown column 'address' in 'field list'" func=payment-bridge/blockchain/browsersync/nbai.ScanNbaiEventFromChainAndSaveEventLogData file="/home/zzq/go/src/payment-bridge/blockchain/browsersync/nbai/nbaiEventLogService.go:100"
time="2021-09-10 12:13:28.221" level=error msg="invalid chain id for signer" func=payment-bridge/common/utils.GetFromAndToAddressByTxHash file="/home/zzq/go/src/payment-bridge/common/utils/utils.go:72"
time="2021-09-10 12:13:28.221" level=error msg="invalid chain id for signer" func=payment-bridge/blockchain/browsersync/nbai.ScanNbaiEventFromChainAndSaveEventLogData file="/home/zzq/go/src/payment-bridge/blockchain/browsersync/nbai/nbaiEventLogService.go:86"
time="2021-09-10 12:13:28.222" level=error msg="Error 1054: Unknown column 'address' in 'field list'" func=payment-bridge/blockchain/browsersync/nbai.ScanNbaiEventFromChainAndSaveEventLogData file="/home/zzq/go/src/payment-bridge/blockchain/browsersync/nbai/nbaiEventLogService.go:100"
time="2021-09-10 12:13:28.252" level=error msg="invalid chain id for signer" func=payment-bridge/common/utils.GetFromAndToAddressByTxHash file="/home/zzq/go/src/payment-bridge/common/utils/utils.go:72"
time="2021-09-10 12:13:28.252" level=error msg="invalid chain id for signer" func=payment-bridge/blockchain/browsersync/nbai.ScanNbaiEventFromChainAndSaveEventLogData file="/home/zzq/go/src/payment-bridge/blockchain/browsersync/nbai/nbaiEventLogService.go:86"
time="2021-09-10 12:13:28.253" level=error msg="Error 1054: Unknown column 'address' in 'field list'" func=payment-bridge/blockchain/browsersync/nbai.ScanNbaiEventFromChainAndSaveEventLogData file="/home/zzq/go/src/payment-bridge/blockchain/browsersync/nbai/nbaiEventLogService.go:100"
time="2021-09-10 12:13:28.282" level=error msg="invalid chain id for signer" func=payment-bridge/common/utils.GetFromAndToAddressByTxHash file="/home/zzq/go/src/payment-bridge/common/utils/utils.go:72"
time="2021-09-10 12:13:28.282" level=error msg="invalid chain id for signer" func=payment-bridge/blockchain/browsersync/nbai.ScanNbaiEventFromChainAndSaveEventLogData file="/home/zzq/go/src/payment-bridge/blockchain/browsersync/nbai/nbaiEventLogService.go:86"
time="2021-09-10 12:13:28.283" level=error msg="Error 1054: Unknown column 'address' in 'field list'" func=payment-bridge/blockchain/browsersync/nbai.ScanNbaiEventFromChainAndSaveEventLogData file="/home/zzq/go/src/payment-bridge/blockchain/browsersync/nbai/nbaiEventLogService.go:100"
time="2021-09-10 12:13:28.312" level=error msg="invalid chain id for signer" func=payment-bridge/common/utils.GetFromAndToAddressByTxHash file="/home/zzq/go/src/payment-bridge/common/utils/utils.go:72"
time="2021-09-10 12:13:28.312" level=error msg="invalid chain id for signer" func=payment-bridge/blockchain/browsersync/nbai.ScanNbaiEventFromChainAndSaveEventLogData file="/home/zzq/go/src/payment-bridge/blockchain/browsersync/nbai/nbaiEventLogService.go:86"
time="2021-09-10 12:13:28.313" level=error msg="Error 1054: Unknown column 'address' in 'field list'" func=payment-bridge/blockchain/browsersync/nbai.ScanNbaiEventFromChainAndSaveEventLogData file="/home/zzq/go/src/payment-bridge/blockchain/browsersync/nbai/nbaiEventLogService.go:100"
time="2021-09-10 12:13:28.340" level=error msg="invalid chain id for signer" func=payment-bridge/common/utils.GetFromAndToAddressByTxHash file="/home/zzq/go/src/payment-bridge/common/utils/utils.go:72"
time="2021-09-10 12:13:28.340" level=error msg="invalid chain id for signer" func=payment-bridge/blockchain/browsersync/nbai.ScanNbaiEventFromChainAndSaveEventLogData file="/home/zzq/go/src/payment-bridge/blockchain/browsersync/nbai/nbaiEventLogService.go:86"
time="2021-09-10 12:13:28.341" level=error msg="Error 1054: Unknown column 'address' in 'field list'" func=payment-bridge/blockchain/browsersync/nbai.ScanNbaiEventFromChainAndSaveEventLogData file="/home/zzq/go/src/payment-bridge/blockchain/browsersync/nbai/nbaiEventLogService.go:100"
time="2021-09-10 12:13:28.374" level=error msg="invalid chain id for signer" func=payment-bridge/common/utils.GetFromAndToAddressByTxHash file="/home/zzq/go/src/payment-bridge/common/utils/utils.go:72"
time="2021-09-10 12:13:28.374" level=error msg="invalid chain id for signer" func=payment-bridge/blockchain/browsersync/nbai.ScanNbaiEventFromChainAndSaveEventLogData file="/home/zzq/go/src/payment-bridge/blockchain/browsersync/nbai/nbaiEventLogService.go:86"
time="2021-09-10 12:13:28.375" level=error msg="Error 1054: Unknown column 'address' in 'field list'" func=payment-bridge/blockchain/browsersync/nbai.ScanNbaiEventFromChainAndSaveEventLogData file="/home/zzq/go/src/payment-bridge/blockchain/browsersync/nbai/nbaiEventLogService.go:100"
time="2021-09-10 12:13:28.518" level=error msg="invalid chain id for signer" func=payment-bridge/common/utils.GetFromAndToAddressByTxHash file="/home/zzq/go/src/payment-bridge/common/utils/utils.go:72"
time="2021-09-10 12:13:28.518" level=error msg="invalid chain id for signer" func=payment-bridge/blockchain/browsersync/nbai.ScanNbaiEventFromChainAndSaveEventLogData file="/home/zzq/go/src/payment-bridge/blockchain/browsersync/nbai/nbaiEventLogService.go:86"
time="2021-09-10 12:13:28.519" level=error msg="Error 1054: Unknown column 'address' in 'field list'" func=payment-bridge/blockchain/browsersync/nbai.ScanNbaiEventFromChainAndSaveEventLogData file="/home/zzq/go/src/payment-bridge/blockchain/browsersync/nbai/nbaiEventLogService.go:100"
time="2021-09-10 12:13:28.549" level=error msg="invalid chain id for signer" func=payment-bridge/common/utils.GetFromAndToAddressByTxHash file="/home/zzq/go/src/payment-bridge/common/utils/utils.go:72"
time="2021-09-10 12:13:28.549" level=error msg="invalid chain id for signer" func=payment-bridge/blockchain/browsersync/nbai.ScanNbaiEventFromChainAndSaveEventLogData file="/home/zzq/go/src/payment-bridge/blockchain/browsersync/nbai/nbaiEventLogService.go:86"
time="2021-09-10 12:13:28.550" level=error msg="Error 1054: Unknown column 'address' in 'field list'" func=payment-bridge/blockchain/browsersync/nbai.ScanNbaiEventFromChainAndSaveEventLogData file="/home/zzq/go/src/payment-bridge/blockchain/browsersync/nbai/nbaiEventLogService.go:100"
time="2021-09-10 12:13:28.580" level=error msg="invalid chain id for signer" func=payment-bridge/common/utils.GetFromAndToAddressByTxHash file="/home/zzq/go/src/payment-bridge/common/utils/utils.go:72"
time="2021-09-10 12:13:28.580" level=error msg="invalid chain id for signer" func=payment-bridge/blockchain/browsersync/nbai.ScanNbaiEventFromChainAndSaveEventLogData file="/home/zzq/go/src/payment-bridge/blockchain/browsersync/nbai/nbaiEventLogService.go:86"
time="2021-09-10 12:13:28.581" level=error msg="Error 1054: Unknown column 'address' in 'field list'" func=payment-bridge/blockchain/browsersync/nbai.ScanNbaiEventFromChainAndSaveEventLogData file="/home/zzq/go/src/payment-bridge/blockchain/browsersync/nbai/nbaiEventLogService.go:100"
time="2021-09-10 12:13:28.611" level=error msg="invalid chain id for signer" func=payment-bridge/common/utils.GetFromAndToAddressByTxHash file="/home/zzq/go/src/payment-bridge/common/utils/utils.go:72"
time="2021-09-10 12:13:28.611" level=error msg="invalid chain id for signer" func=payment-bridge/blockchain/browsersync/nbai.ScanNbaiEventFromChainAndSaveEventLogData file="/home/zzq/go/src/payment-bridge/blockchain/browsersync/nbai/nbaiEventLogService.go:86"
time="2021-09-10 12:13:28.612" level=error msg="Error 1054: Unknown column 'address' in 'field list'" func=payment-bridge/blockchain/browsersync/nbai.ScanNbaiEventFromChainAndSaveEventLogData file="/home/zzq/go/src/payment-bridge/blockchain/browsersync/nbai/nbaiEventLogService.go:100"
time="2021-09-10 12:13:28.641" level=error msg="invalid chain id for signer" func=payment-bridge/common/utils.GetFromAndToAddressByTxHash file="/home/zzq/go/src/payment-bridge/common/utils/utils.go:72"
time="2021-09-10 12:13:28.642" level=error msg="invalid chain id for signer" func=payment-bridge/blockchain/browsersync/nbai.ScanNbaiEventFromChainAndSaveEventLogData file="/home/zzq/go/src/payment-bridge/blockchain/browsersync/nbai/nbaiEventLogService.go:86"
time="2021-09-10 12:13:28.643" level=error msg="Error 1054: Unknown column 'address' in 'field list'" func=payment-bridge/blockchain/browsersync/nbai.ScanNbaiEventFromChainAndSaveEventLogData file="/home/zzq/go/src/payment-bridge/blockchain/browsersync/nbai/nbaiEventLogService.go:100"
time="2021-09-10 12:13:28.675" level=error msg="invalid chain id for signer" func=payment-bridge/common/utils.GetFromAndToAddressByTxHash file="/home/zzq/go/src/payment-bridge/common/utils/utils.go:72"
time="2021-09-10 12:13:28.675" level=error msg="invalid chain id for signer" func=payment-bridge/blockchain/browsersync/nbai.ScanNbaiEventFromChainAndSaveEventLogData file="/home/zzq/go/src/payment-bridge/blockchain/browsersync/nbai/nbaiEventLogService.go:86"
time="2021-09-10 12:13:28.677" level=error msg="Error 1054: Unknown column 'address' in 'field list'" func=payment-bridge/blockchain/browsersync/nbai.ScanNbaiEventFromChainAndSaveEventLogData file="/home/zzq/go/src/payment-bridge/blockchain/browsersync/nbai/nbaiEventLogService.go:100"
time="2021-09-10 12:13:28.812" level=error msg="invalid chain id for signer" func=payment-bridge/common/utils.GetFromAndToAddressByTxHash file="/home/zzq/go/src/payment-bridge/common/utils/utils.go:72"
time="2021-09-10 12:13:28.813" level=error msg="invalid chain id for signer" func=payment-bridge/blockchain/browsersync/nbai.ScanNbaiEventFromChainAndSaveEventLogData file="/home/zzq/go/src/payment-bridge/blockchain/browsersync/nbai/nbaiEventLogService.go:86"
time="2021-09-10 12:13:28.814" level=error msg="Error 1054: Unknown column 'address' in 'field list'" func=payment-bridge/blockchain/browsersync/nbai.ScanNbaiEventFromChainAndSaveEventLogData file="/home/zzq/go/src/payment-bridge/blockchain/browsersync/nbai/nbaiEventLogService.go:100"
time="2021-09-10 12:13:28.843" level=error msg="invalid chain id for signer" func=payment-bridge/common/utils.GetFromAndToAddressByTxHash file="/home/zzq/go/src/payment-bridge/common/utils/utils.go:72"
time="2021-09-10 12:13:28.844" level=error msg="invalid chain id for signer" func=payment-bridge/blockchain/browsersync/nbai.ScanNbaiEventFromChainAndSaveEventLogData file="/home/zzq/go/src/payment-bridge/blockchain/browsersync/nbai/nbaiEventLogService.go:86"
time="2021-09-10 12:13:28.845" level=error msg="Error 1054: Unknown column 'address' in 'field list'" func=payment-bridge/blockchain/browsersync/nbai.ScanNbaiEventFromChainAndSaveEventLogData file="/home/zzq/go/src/payment-bridge/blockchain/browsersync/nbai/nbaiEventLogService.go:100"
time="2021-09-10 12:13:28.877" level=error msg="invalid chain id for signer" func=payment-bridge/common/utils.GetFromAndToAddressByTxHash file="/home/zzq/go/src/payment-bridge/common/utils/utils.go:72"
time="2021-09-10 12:13:28.877" level=error msg="invalid chain id for signer" func=payment-bridge/blockchain/browsersync/nbai.ScanNbaiEventFromChainAndSaveEventLogData file="/home/zzq/go/src/payment-bridge/blockchain/browsersync/nbai/nbaiEventLogService.go:86"
time="2021-09-10 12:13:28.878" level=error msg="Error 1054: Unknown column 'address' in 'field list'" func=payment-bridge/blockchain/browsersync/nbai.ScanNbaiEventFromChainAndSaveEventLogData file="/home/zzq/go/src/payment-bridge/blockchain/browsersync/nbai/nbaiEventLogService.go:100"
time="2021-09-10 12:13:28.941" level=error msg="invalid chain id for signer" func=payment-bridge/common/utils.GetFromAndToAddressByTxHash file="/home/zzq/go/src/payment-bridge/common/utils/utils.go:72"
time="2021-09-10 12:13:28.941" level=error msg="invalid chain id for signer" func=payment-bridge/blockchain/browsersync/nbai.ScanNbaiEventFromChainAndSaveEventLogData file="/home/zzq/go/src/payment-bridge/blockchain/browsersync/nbai/nbaiEventLogService.go:86"
time="2021-09-10 12:13:28.945" level=error msg="Error 1054: Unknown column 'address' in 'field list'" func=payment-bridge/blockchain/browsersync/nbai.ScanNbaiEventFromChainAndSaveEventLogData file="/home/zzq/go/src/payment-bridge/blockchain/browsersync/nbai/nbaiEventLogService.go:100"
time="2021-09-10 12:13:28.977" level=error msg="invalid chain id for signer" func=payment-bridge/common/utils.GetFromAndToAddressByTxHash file="/home/zzq/go/src/payment-bridge/common/utils/utils.go:72"
time="2021-09-10 12:13:28.977" level=error msg="invalid chain id for signer" func=payment-bridge/blockchain/browsersync/nbai.ScanNbaiEventFromChainAndSaveEventLogData file="/home/zzq/go/src/payment-bridge/blockchain/browsersync/nbai/nbaiEventLogService.go:86"
time="2021-09-10 12:13:28.979" level=error msg="Error 1054: Unknown column 'address' in 'field list'" func=payment-bridge/blockchain/browsersync/nbai.ScanNbaiEventFromChainAndSaveEventLogData file="/home/zzq/go/src/payment-bridge/blockchain/browsersync/nbai/nbaiEventLogService.go:100"
time="2021-09-10 12:13:29.007" level=error msg="invalid chain id for signer" func=payment-bridge/common/utils.GetFromAndToAddressByTxHash file="/home/zzq/go/src/payment-bridge/common/utils/utils.go:72"
time="2021-09-10 12:13:29.007" level=error msg="invalid chain id for signer" func=payment-bridge/blockchain/browsersync/nbai.ScanNbaiEventFromChainAndSaveEventLogData file="/home/zzq/go/src/payment-bridge/blockchain/browsersync/nbai/nbaiEventLogService.go:86"
time="2021-09-10 12:13:29.008" level=error msg="Error 1054: Unknown column 'address' in 'field list'" func=payment-bridge/blockchain/browsersync/nbai.ScanNbaiEventFromChainAndSaveEventLogData file="/home/zzq/go/src/payment-bridge/blockchain/browsersync/nbai/nbaiEventLogService.go:100"
time="2021-09-10 12:13:29.069" level=error msg="invalid chain id for signer" func=payment-bridge/common/utils.GetFromAndToAddressByTxHash file="/home/zzq/go/src/payment-bridge/common/utils/utils.go:72"
time="2021-09-10 12:13:29.069" level=error msg="invalid chain id for signer" func=payment-bridge/blockchain/browsersync/nbai.ScanNbaiEventFromChainAndSaveEventLogData file="/home/zzq/go/src/payment-bridge/blockchain/browsersync/nbai/nbaiEventLogService.go:86"
time="2021-09-10 12:13:29.071" level=error msg="Error 1054: Unknown column 'address' in 'field list'" func=payment-bridge/blockchain/browsersync/nbai.ScanNbaiEventFromChainAndSaveEventLogData file="/home/zzq/go/src/payment-bridge/blockchain/browsersync/nbai/nbaiEventLogService.go:100"
time="2021-09-10 12:13:29.100" level=error msg="invalid chain id for signer" func=payment-bridge/common/utils.GetFromAndToAddressByTxHash file="/home/zzq/go/src/payment-bridge/common/utils/utils.go:72"
time="2021-09-10 12:13:29.100" level=error msg="invalid chain id for signer" func=payment-bridge/blockchain/browsersync/nbai.ScanNbaiEventFromChainAndSaveEventLogData file="/home/zzq/go/src/payment-bridge/blockchain/browsersync/nbai/nbaiEventLogService.go:86"
time="2021-09-10 12:13:29.102" level=error msg="Error 1054: Unknown column 'address' in 'field list'" func=payment-bridge/blockchain/browsersync/nbai.ScanNbaiEventFromChainAndSaveEventLogData file="/home/zzq/go/src/payment-bridge/blockchain/browsersync/nbai/nbaiEventLogService.go:100"
time="2021-09-10 12:13:29.130" level=error msg="invalid chain id for signer" func=payment-bridge/common/utils.GetFromAndToAddressByTxHash file="/home/zzq/go/src/payment-bridge/common/utils/utils.go:72"
time="2021-09-10 12:13:29.130" level=error msg="invalid chain id for signer" func=payment-bridge/blockchain/browsersync/nbai.ScanNbaiEventFromChainAndSaveEventLogData file="/home/zzq/go/src/payment-bridge/blockchain/browsersync/nbai/nbaiEventLogService.go:86"
time="2021-09-10 12:13:29.131" level=error msg="Error 1054: Unknown column 'address' in 'field list'" func=payment-bridge/blockchain/browsersync/nbai.ScanNbaiEventFromChainAndSaveEventLogData file="/home/zzq/go/src/payment-bridge/blockchain/browsersync/nbai/nbaiEventLogService.go:100"
time="2021-09-10 12:13:29.170" level=error msg="invalid chain id for signer" func=payment-bridge/common/utils.GetFromAndToAddressByTxHash file="/home/zzq/go/src/payment-bridge/common/utils/utils.go:72"
time="2021-09-10 12:13:29.170" level=error msg="invalid chain id for signer" func=payment-bridge/blockchain/browsersync/nbai.ScanNbaiEventFromChainAndSaveEventLogData file="/home/zzq/go/src/payment-bridge/blockchain/browsersync/nbai/nbaiEventLogService.go:86"
time="2021-09-10 12:13:29.171" level=error msg="Error 1054: Unknown column 'address' in 'field list'" func=payment-bridge/blockchain/browsersync/nbai.ScanNbaiEventFromChainAndSaveEventLogData file="/home/zzq/go/src/payment-bridge/blockchain/browsersync/nbai/nbaiEventLogService.go:100"
time="2021-09-10 12:13:29.199" level=error msg="invalid chain id for signer" func=payment-bridge/common/utils.GetFromAndToAddressByTxHash file="/home/zzq/go/src/payment-bridge/common/utils/utils.go:72"
time="2021-09-10 12:13:29.199" level=error msg="invalid chain id for signer" func=payment-bridge/blockchain/browsersync/nbai.ScanNbaiEventFromChainAndSaveEventLogData file="/home/zzq/go/src/payment-bridge/blockchain/browsersync/nbai/nbaiEventLogService.go:86"
time="2021-09-10 12:13:29.199" level=error msg="Error 1054: Unknown column 'address' in 'field list'" func=payment-bridge/blockchain/browsersync/nbai.ScanNbaiEventFromChainAndSaveEventLogData file="/home/zzq/go/src/payment-bridge/blockchain/browsersync/nbai/nbaiEventLogService.go:100"
time="2021-09-10 12:13:29.232" level=error msg="invalid chain id for signer" func=payment-bridge/common/utils.GetFromAndToAddressByTxHash file="/home/zzq/go/src/payment-bridge/common/utils/utils.go:72"
time="2021-09-10 12:13:29.233" level=error msg="invalid chain id for signer" func=payment-bridge/blockchain/browsersync/nbai.ScanNbaiEventFromChainAndSaveEventLogData file="/home/zzq/go/src/payment-bridge/blockchain/browsersync/nbai/nbaiEventLogService.go:86"
time="2021-09-10 12:13:29.233" level=error msg="Error 1054: Unknown column 'address' in 'field list'" func=payment-bridge/blockchain/browsersync/nbai.ScanNbaiEventFromChainAndSaveEventLogData file="/home/zzq/go/src/payment-bridge/blockchain/browsersync/nbai/nbaiEventLogService.go:100"
time="2021-09-10 12:13:29.270" level=error msg="invalid chain id for signer" func=payment-bridge/common/utils.GetFromAndToAddressByTxHash file="/home/zzq/go/src/payment-bridge/common/utils/utils.go:72"
time="2021-09-10 12:13:29.270" level=error msg="invalid chain id for signer" func=payment-bridge/blockchain/browsersync/nbai.ScanNbaiEventFromChainAndSaveEventLogData file="/home/zzq/go/src/payment-bridge/blockchain/browsersync/nbai/nbaiEventLogService.go:86"
time="2021-09-10 12:13:29.271" level=error msg="Error 1054: Unknown column 'address' in 'field list'" func=payment-bridge/blockchain/browsersync/nbai.ScanNbaiEventFromChainAndSaveEventLogData file="/home/zzq/go/src/payment-bridge/blockchain/browsersync/nbai/nbaiEventLogService.go:100"
time="2021-09-10 12:13:29.584" level=error msg="invalid chain id for signer" func=payment-bridge/common/utils.GetFromAndToAddressByTxHash file="/home/zzq/go/src/payment-bridge/common/utils/utils.go:72"
time="2021-09-10 12:13:29.584" level=error msg="invalid chain id for signer" func=payment-bridge/blockchain/browsersync/nbai.ScanNbaiEventFromChainAndSaveEventLogData file="/home/zzq/go/src/payment-bridge/blockchain/browsersync/nbai/nbaiEventLogService.go:86"
time="2021-09-10 12:13:29.586" level=error msg="Error 1054: Unknown column 'address' in 'field list'" func=payment-bridge/blockchain/browsersync/nbai.ScanNbaiEventFromChainAndSaveEventLogData file="/home/zzq/go/src/payment-bridge/blockchain/browsersync/nbai/nbaiEventLogService.go:100"
time="2021-09-10 12:13:30.041" level=error msg="invalid chain id for signer" func=payment-bridge/common/utils.GetFromAndToAddressByTxHash file="/home/zzq/go/src/payment-bridge/common/utils/utils.go:72"
time="2021-09-10 12:13:30.041" level=error msg="invalid chain id for signer" func=payment-bridge/blockchain/browsersync/nbai.ScanNbaiEventFromChainAndSaveEventLogData file="/home/zzq/go/src/payment-bridge/blockchain/browsersync/nbai/nbaiEventLogService.go:86"
time="2021-09-10 12:13:30.042" level=error msg="Error 1054: Unknown column 'address' in 'field list'" func=payment-bridge/blockchain/browsersync/nbai.ScanNbaiEventFromChainAndSaveEventLogData file="/home/zzq/go/src/payment-bridge/blockchain/browsersync/nbai/nbaiEventLogService.go:100"
time="2021-09-10 12:13:30.189" level=error msg="invalid chain id for signer" func=payment-bridge/common/utils.GetFromAndToAddressByTxHash file="/home/zzq/go/src/payment-bridge/common/utils/utils.go:72"
time="2021-09-10 12:13:30.189" level=error msg="invalid chain id for signer" func=payment-bridge/blockchain/browsersync/nbai.ScanNbaiEventFromChainAndSaveEventLogData file="/home/zzq/go/src/payment-bridge/blockchain/browsersync/nbai/nbaiEventLogService.go:86"
time="2021-09-10 12:13:30.190" level=error msg="Error 1054: Unknown column 'address' in 'field list'" func=payment-bridge/blockchain/browsersync/nbai.ScanNbaiEventFromChainAndSaveEventLogData file="/home/zzq/go/src/payment-bridge/blockchain/browsersync/nbai/nbaiEventLogService.go:100"
time="2021-09-10 12:13:30.270" level=error msg="invalid chain id for signer" func=payment-bridge/common/utils.GetFromAndToAddressByTxHash file="/home/zzq/go/src/payment-bridge/common/utils/utils.go:72"
time="2021-09-10 12:13:30.270" level=error msg="invalid chain id for signer" func=payment-bridge/blockchain/browsersync/nbai.ScanNbaiEventFromChainAndSaveEventLogData file="/home/zzq/go/src/payment-bridge/blockchain/browsersync/nbai/nbaiEventLogService.go:86"
time="2021-09-10 12:13:30.271" level=error msg="Error 1054: Unknown column 'address' in 'field list'" func=payment-bridge/blockchain/browsersync/nbai.ScanNbaiEventFromChainAndSaveEventLogData file="/home/zzq/go/src/payment-bridge/blockchain/browsersync/nbai/nbaiEventLogService.go:100"
